<?xml version="1.0" encoding="UTF-8"?>
<testsuite xmlns:xsi="http://www.w3.org/2001/XMLSchema-instance" xsi:schemaLocation="https://maven.apache.org/surefire/maven-surefire-plugin/xsd/surefire-test-report.xsd" name="TestSuite" time="6.687" tests="6" errors="0" skipped="0" failures="1">
  <properties>
[...]
</properties>
  <testcase name="testCase1" classname="com.stu.webdriver03.TestNgDemo01" time="3.007"/>
  <testcase name="a" classname="com.stu.testng01.TestNgDemo02" time="0"/>
  <testcase name="assertEqualTest" classname="com.stu.testng01.TestNgDemo02" time="0.001">
    <failure message="expected [cde] but found [abc]" type="java.lang.AssertionError">java.lang.AssertionError: expected [cde] but found [abc]
	at com.stu.testng01.TestNgDemo02.assertEqualTest(TestNgDemo02.java:19)
</failure>
  </testcase>
  <testcase name="assertNotEqualsTest" classname="com.stu.testng01.TestNgDemo02" time="0"/>
  <testcase name="assertNotNullTest" classname="com.stu.testng01.TestNgDemo02" time="0"/>
  <testcase name="assertNullTest" classname="com.stu.testng01.TestNgDemo02" time="0"/>
</testsuite>